INFO:     Will watch for changes in these directories: ['/home/user/workspace']
INFO:     Uvicorn running on http://0.0.0.0:8000 (Press CTRL+C to quit)
INFO:     Started reloader process [1105] using WatchFiles
2025-06-12 04:28:12,116 - server - INFO - Logging system initialized
2025-06-12 04:28:12,116 - server - INFO - Log level: INFO
2025-06-12 04:28:12,116 - server - INFO - Starting FA Application...
2025-06-12 04:28:12,118 INFO sqlalchemy.engine.Engine BEGIN (implicit)
2025-06-12 04:28:12,118 - sqlalchemy.engine.Engine - INFO - BEGIN (implicit)
2025-06-12 04:28:12,118 INFO sqlalchemy.engine.Engine PRAGMA main.table_info("users")
2025-06-12 04:28:12,118 - sqlalchemy.engine.Engine - INFO - PRAGMA main.table_info("users")
2025-06-12 04:28:12,118 INFO sqlalchemy.engine.Engine [raw sql] ()
2025-06-12 04:28:12,118 - sqlalchemy.engine.Engine - INFO - [raw sql] ()
2025-06-12 04:28:12,119 INFO sqlalchemy.engine.Engine PRAGMA main.table_info("ppob_transactions")
2025-06-12 04:28:12,119 - sqlalchemy.engine.Engine - INFO - PRAGMA main.table_info("ppob_transactions")
2025-06-12 04:28:12,119 INFO sqlalchemy.engine.Engine [raw sql] ()
2025-06-12 04:28:12,119 - sqlalchemy.engine.Engine - INFO - [raw sql] ()
2025-06-12 04:28:12,120 INFO sqlalchemy.engine.Engine PRAGMA main.table_info("ppob_products")
2025-06-12 04:28:12,120 - sqlalchemy.engine.Engine - INFO - PRAGMA main.table_info("ppob_products")
2025-06-12 04:28:12,120 INFO sqlalchemy.engine.Engine [raw sql] ()
2025-06-12 04:28:12,120 - sqlalchemy.engine.Engine - INFO - [raw sql] ()
2025-06-12 04:28:12,120 INFO sqlalchemy.engine.Engine PRAGMA main.table_info("wallet_transactions")
2025-06-12 04:28:12,120 - sqlalchemy.engine.Engine - INFO - PRAGMA main.table_info("wallet_transactions")
2025-06-12 04:28:12,120 INFO sqlalchemy.engine.Engine [raw sql] ()
2025-06-12 04:28:12,120 - sqlalchemy.engine.Engine - INFO - [raw sql] ()
2025-06-12 04:28:12,120 INFO sqlalchemy.engine.Engine PRAGMA main.table_info("transfers")
2025-06-12 04:28:12,120 - sqlalchemy.engine.Engine - INFO - PRAGMA main.table_info("transfers")
2025-06-12 04:28:12,121 INFO sqlalchemy.engine.Engine [raw sql] ()
2025-06-12 04:28:12,121 - sqlalchemy.engine.Engine - INFO - [raw sql] ()
2025-06-12 04:28:12,121 INFO sqlalchemy.engine.Engine PRAGMA main.table_info("topup_requests")
2025-06-12 04:28:12,121 - sqlalchemy.engine.Engine - INFO - PRAGMA main.table_info("topup_requests")
2025-06-12 04:28:12,121 INFO sqlalchemy.engine.Engine [raw sql] ()
2025-06-12 04:28:12,121 - sqlalchemy.engine.Engine - INFO - [raw sql] ()
2025-06-12 04:28:12,121 INFO sqlalchemy.engine.Engine PRAGMA main.table_info("admin_configs")
2025-06-12 04:28:12,121 - sqlalchemy.engine.Engine - INFO - PRAGMA main.table_info("admin_configs")
2025-06-12 04:28:12,121 INFO sqlalchemy.engine.Engine [raw sql] ()
2025-06-12 04:28:12,121 - sqlalchemy.engine.Engine - INFO - [raw sql] ()
2025-06-12 04:28:12,122 INFO sqlalchemy.engine.Engine PRAGMA main.table_info("ppob_margin_configs")
2025-06-12 04:28:12,122 - sqlalchemy.engine.Engine - INFO - PRAGMA main.table_info("ppob_margin_configs")
2025-06-12 04:28:12,122 INFO sqlalchemy.engine.Engine [raw sql] ()
2025-06-12 04:28:12,122 - sqlalchemy.engine.Engine - INFO - [raw sql] ()
2025-06-12 04:28:12,123 INFO sqlalchemy.engine.Engine COMMIT
2025-06-12 04:28:12,123 - sqlalchemy.engine.Engine - INFO - COMMIT
2025-06-12 04:28:12,123 - server - INFO - Database tables created/verified
2025-06-12 04:28:12,180 - server - INFO - API routes registered
2025-06-12 04:28:12,180 - server - INFO - FA Application initialized successfully
INFO:     Started server process [1107]
INFO:     Waiting for application startup.
2025-06-12 04:28:12,183 - app.services.file_watcher - INFO - Started watching directory: monitored_files
INFO:     Application startup complete.
INFO:     127.0.0.1:51300 - "GET /api/v1/admin/config HTTP/1.1" 401 Unauthorized
