2025-06-12 04:26:07,377 - server - INFO - Logging system initialized
2025-06-12 04:26:07,377 - server - INFO - Log level: INFO
2025-06-12 04:26:07,377 - server - INFO - Starting FA Application...
2025-06-12 04:26:07,379 - sqlalchemy.engine.Engine - INFO - BEGIN (implicit)
2025-06-12 04:26:07,379 - sqlalchemy.engine.Engine - INFO - PRAGMA main.table_info("users")
2025-06-12 04:26:07,380 - sqlalchemy.engine.Engine - INFO - [raw sql] ()
2025-06-12 04:26:07,381 - sqlalchemy.engine.Engine - INFO - PRAGMA main.table_info("ppob_transactions")
2025-06-12 04:26:07,381 - sqlalchemy.engine.Engine - INFO - [raw sql] ()
2025-06-12 04:26:07,381 - sqlalchemy.engine.Engine - INFO - PRAGMA main.table_info("ppob_products")
2025-06-12 04:26:07,381 - sqlalchemy.engine.Engine - INFO - [raw sql] ()
2025-06-12 04:26:07,382 - sqlalchemy.engine.Engine - INFO - PRAGMA main.table_info("wallet_transactions")
2025-06-12 04:26:07,382 - sqlalchemy.engine.Engine - INFO - [raw sql] ()
2025-06-12 04:26:07,382 - sqlalchemy.engine.Engine - INFO - PRAGMA main.table_info("transfers")
2025-06-12 04:26:07,382 - sqlalchemy.engine.Engine - INFO - [raw sql] ()
2025-06-12 04:26:07,383 - sqlalchemy.engine.Engine - INFO - PRAGMA main.table_info("topup_requests")
2025-06-12 04:26:07,383 - sqlalchemy.engine.Engine - INFO - [raw sql] ()
2025-06-12 04:26:07,383 - sqlalchemy.engine.Engine - INFO - PRAGMA main.table_info("admin_configs")
2025-06-12 04:26:07,383 - sqlalchemy.engine.Engine - INFO - [raw sql] ()
2025-06-12 04:26:07,384 - sqlalchemy.engine.Engine - INFO - PRAGMA main.table_info("ppob_margin_configs")
2025-06-12 04:26:07,384 - sqlalchemy.engine.Engine - INFO - [raw sql] ()
2025-06-12 04:26:07,385 - sqlalchemy.engine.Engine - INFO - COMMIT
2025-06-12 04:26:07,385 - server - INFO - Database tables created/verified
2025-06-12 04:26:07,431 - server - INFO - API routes registered
2025-06-12 04:26:07,431 - server - INFO - FA Application initialized successfully
2025-06-12 04:26:07,434 - app.services.file_watcher - INFO - Started watching directory: monitored_files
2025-06-12 04:28:05,513 - app.services.file_watcher - INFO - Stopped file watching service
2025-06-12 04:28:12,116 - server - INFO - Logging system initialized
2025-06-12 04:28:12,116 - server - INFO - Log level: INFO
2025-06-12 04:28:12,116 - server - INFO - Starting FA Application...
2025-06-12 04:28:12,118 - sqlalchemy.engine.Engine - INFO - BEGIN (implicit)
2025-06-12 04:28:12,118 - sqlalchemy.engine.Engine - INFO - PRAGMA main.table_info("users")
2025-06-12 04:28:12,118 - sqlalchemy.engine.Engine - INFO - [raw sql] ()
2025-06-12 04:28:12,119 - sqlalchemy.engine.Engine - INFO - PRAGMA main.table_info("ppob_transactions")
2025-06-12 04:28:12,119 - sqlalchemy.engine.Engine - INFO - [raw sql] ()
2025-06-12 04:28:12,120 - sqlalchemy.engine.Engine - INFO - PRAGMA main.table_info("ppob_products")
2025-06-12 04:28:12,120 - sqlalchemy.engine.Engine - INFO - [raw sql] ()
2025-06-12 04:28:12,120 - sqlalchemy.engine.Engine - INFO - PRAGMA main.table_info("wallet_transactions")
2025-06-12 04:28:12,120 - sqlalchemy.engine.Engine - INFO - [raw sql] ()
2025-06-12 04:28:12,120 - sqlalchemy.engine.Engine - INFO - PRAGMA main.table_info("transfers")
2025-06-12 04:28:12,121 - sqlalchemy.engine.Engine - INFO - [raw sql] ()
2025-06-12 04:28:12,121 - sqlalchemy.engine.Engine - INFO - PRAGMA main.table_info("topup_requests")
2025-06-12 04:28:12,121 - sqlalchemy.engine.Engine - INFO - [raw sql] ()
2025-06-12 04:28:12,121 - sqlalchemy.engine.Engine - INFO - PRAGMA main.table_info("admin_configs")
2025-06-12 04:28:12,121 - sqlalchemy.engine.Engine - INFO - [raw sql] ()
2025-06-12 04:28:12,122 - sqlalchemy.engine.Engine - INFO - PRAGMA main.table_info("ppob_margin_configs")
2025-06-12 04:28:12,122 - sqlalchemy.engine.Engine - INFO - [raw sql] ()
2025-06-12 04:28:12,123 - sqlalchemy.engine.Engine - INFO - COMMIT
2025-06-12 04:28:12,123 - server - INFO - Database tables created/verified
2025-06-12 04:28:12,180 - server - INFO - API routes registered
2025-06-12 04:28:12,180 - server - INFO - FA Application initialized successfully
2025-06-12 04:28:12,183 - app.services.file_watcher - INFO - Started watching directory: monitored_files
2025-06-12 11:52:23,610 - server - INFO - Logging system initialized
2025-06-12 11:52:23,610 - server - INFO - Log level: INFO
2025-06-12 11:52:23,611 - server - INFO - Starting FA Application...
2025-06-12 11:52:23,612 - sqlalchemy.engine.Engine - INFO - BEGIN (implicit)
2025-06-12 11:52:23,612 - sqlalchemy.engine.Engine - INFO - PRAGMA main.table_info("users")
2025-06-12 11:52:23,612 - sqlalchemy.engine.Engine - INFO - [raw sql] ()
2025-06-12 11:52:23,613 - sqlalchemy.engine.Engine - INFO - PRAGMA main.table_info("ppob_transactions")
2025-06-12 11:52:23,614 - sqlalchemy.engine.Engine - INFO - [raw sql] ()
2025-06-12 11:52:23,614 - sqlalchemy.engine.Engine - INFO - PRAGMA main.table_info("ppob_products")
2025-06-12 11:52:23,614 - sqlalchemy.engine.Engine - INFO - [raw sql] ()
2025-06-12 11:52:23,614 - sqlalchemy.engine.Engine - INFO - PRAGMA main.table_info("wallet_transactions")
2025-06-12 11:52:23,614 - sqlalchemy.engine.Engine - INFO - [raw sql] ()
2025-06-12 11:52:23,615 - sqlalchemy.engine.Engine - INFO - PRAGMA main.table_info("transfers")
2025-06-12 11:52:23,615 - sqlalchemy.engine.Engine - INFO - [raw sql] ()
2025-06-12 11:52:23,615 - sqlalchemy.engine.Engine - INFO - PRAGMA main.table_info("topup_requests")
2025-06-12 11:52:23,615 - sqlalchemy.engine.Engine - INFO - [raw sql] ()
2025-06-12 11:52:23,616 - sqlalchemy.engine.Engine - INFO - PRAGMA main.table_info("admins")
2025-06-12 11:52:23,616 - sqlalchemy.engine.Engine - INFO - [raw sql] ()
2025-06-12 11:52:23,616 - sqlalchemy.engine.Engine - INFO - PRAGMA main.table_info("admin_configs")
2025-06-12 11:52:23,616 - sqlalchemy.engine.Engine - INFO - [raw sql] ()
2025-06-12 11:52:23,616 - sqlalchemy.engine.Engine - INFO - PRAGMA main.table_info("ppob_margin_configs")
2025-06-12 11:52:23,617 - sqlalchemy.engine.Engine - INFO - [raw sql] ()
2025-06-12 11:52:23,617 - sqlalchemy.engine.Engine - INFO - PRAGMA main.table_info("transactions")
2025-06-12 11:52:23,617 - sqlalchemy.engine.Engine - INFO - [raw sql] ()
2025-06-12 11:52:23,617 - sqlalchemy.engine.Engine - INFO - PRAGMA main.table_info("user_profiles")
2025-06-12 11:52:23,617 - sqlalchemy.engine.Engine - INFO - [raw sql] ()
2025-06-12 11:52:23,618 - sqlalchemy.engine.Engine - INFO - PRAGMA main.table_info("daily_mutations")
2025-06-12 11:52:23,618 - sqlalchemy.engine.Engine - INFO - [raw sql] ()
2025-06-12 11:52:23,618 - sqlalchemy.engine.Engine - INFO - PRAGMA main.table_info("notifications")
2025-06-12 11:52:23,618 - sqlalchemy.engine.Engine - INFO - [raw sql] ()
2025-06-12 11:52:23,618 - sqlalchemy.engine.Engine - INFO - PRAGMA main.table_info("admin_notification_settings")
2025-06-12 11:52:23,619 - sqlalchemy.engine.Engine - INFO - [raw sql] ()
2025-06-12 11:52:23,619 - sqlalchemy.engine.Engine - INFO - PRAGMA main.table_info("webhook_logs")
2025-06-12 11:52:23,619 - sqlalchemy.engine.Engine - INFO - [raw sql] ()
2025-06-12 11:52:23,619 - sqlalchemy.engine.Engine - INFO - PRAGMA main.table_info("products")
2025-06-12 11:52:23,619 - sqlalchemy.engine.Engine - INFO - [raw sql] ()
2025-06-12 11:52:23,620 - sqlalchemy.engine.Engine - INFO - PRAGMA main.table_info("product_stocks")
2025-06-12 11:52:23,620 - sqlalchemy.engine.Engine - INFO - [raw sql] ()
2025-06-12 11:52:23,621 - sqlalchemy.engine.Engine - INFO - COMMIT
2025-06-12 11:52:23,621 - server - INFO - Database tables created/verified
2025-06-12 11:52:23,730 - server - INFO - API routes registered
2025-06-12 11:52:23,731 - server - INFO - Static files mounted
2025-06-12 11:52:23,731 - server - INFO - FA Application initialized successfully
2025-06-12 11:52:23,735 - app.services.file_watcher - INFO - Started watching directory: monitored_files
2025-06-12 11:52:32,375 - app.services.file_watcher - INFO - Stopped file watching service
2025-06-12 14:14:08 - app.core.logging_config - INFO - logging_config - setup_logging:104 - Logging system initialized
2025-06-12 14:14:08 - app.core.logging_config - INFO - logging_config - setup_logging:105 - Log level: DEBUG
2025-06-12 14:14:08 - __main__ - INFO - main - add_middleware:173 - Middleware configured successfully
2025-06-12 14:14:08 - __main__ - INFO - main - include_routers:218 - API routes configured successfully
2025-06-12 14:14:09 - app.core.logging_config - INFO - logging_config - setup_logging:104 - Logging system initialized
2025-06-12 14:14:09 - app.core.logging_config - INFO - logging_config - setup_logging:105 - Log level: DEBUG
2025-06-12 14:14:09 - __mp_main__ - INFO - main - add_middleware:173 - Middleware configured successfully
2025-06-12 14:14:09 - __mp_main__ - INFO - main - include_routers:218 - API routes configured successfully
2025-06-12 14:14:09 - asyncio - DEBUG - selector_events - __init__:54 - Using selector: EpollSelector
2025-06-12 14:14:09 - app.core.logging_config - INFO - logging_config - setup_logging:104 - Logging system initialized
2025-06-12 14:14:09 - app.core.logging_config - INFO - logging_config - setup_logging:105 - Log level: DEBUG
2025-06-12 14:14:09 - main - INFO - main - add_middleware:173 - Middleware configured successfully
2025-06-12 14:14:09 - main - INFO - main - include_routers:218 - API routes configured successfully
2025-06-12 14:14:09 - uvicorn.error - INFO - server - _serve:83 - Started server process [1324]
2025-06-12 14:14:09 - uvicorn.error - INFO - on - startup:48 - Waiting for application startup.
2025-06-12 14:14:09 - main - INFO - main - lifespan:47 - Starting PPOB API application...
2025-06-12 14:14:09 - sqlalchemy.engine.Engine - INFO - base - _begin_impl:1096 - BEGIN (implicit)
2025-06-12 14:14:09 - sqlalchemy.engine.Engine - INFO - base - _commit_impl:1139 - COMMIT
2025-06-12 14:14:09 - main - INFO - main - lifespan:52 - Database tables created successfully
2025-06-12 14:14:09 - app.core.container - INFO - container - setup_dependencies:19 - Dependencies configured successfully
2025-06-12 14:14:09 - main - INFO - main - lifespan:56 - Dependencies configured successfully
2025-06-12 14:14:09 - main - INFO - main - startup_tasks:79 - Warming up external services...
2025-06-12 14:14:09 - main - INFO - main - startup_tasks:82 - Initializing cache connections...
2025-06-12 14:14:09 - main - INFO - main - startup_tasks:85 - Loading initial application data...
2025-06-12 14:14:09 - main - INFO - main - lifespan:61 - Application startup completed
2025-06-12 14:14:09 - uvicorn.error - INFO - on - startup:62 - Application startup complete.
2025-06-12 14:14:17 - uvicorn.error - INFO - server - shutdown:263 - Shutting down
2025-06-12 14:14:17 - uvicorn.error - INFO - on - shutdown:67 - Waiting for application shutdown.
2025-06-12 14:14:17 - main - INFO - main - lifespan:70 - Shutting down PPOB API application...
2025-06-12 14:14:17 - main - INFO - main - shutdown_tasks:95 - Closing database connections...
2025-06-12 14:14:17 - main - INFO - main - shutdown_tasks:98 - Clearing application caches...
2025-06-12 14:14:17 - main - INFO - main - shutdown_tasks:101 - Closing external service connections...
2025-06-12 14:14:17 - main - INFO - main - lifespan:72 - Application shutdown completed
2025-06-12 14:14:17 - uvicorn.error - INFO - on - shutdown:76 - Application shutdown complete.
2025-06-12 14:14:17 - uvicorn.error - INFO - server - _serve:93 - Finished server process [1324]
